2021-01-23 01:50:15,807 INFO org.springframework.boot.StartupInfoLogger [main] Starting OpenAPI2SpringBoot on tplm with PID 2672 (/media/amrit/f62417df-6c96-4797-a3d9-a06fb4352655/workspace/eclipse/API/idaithalam-server/target/classes started by amrit in /media/amrit/f62417df-6c96-4797-a3d9-a06fb4352655/workspace/eclipse/API/idaithalam-server)
2021-01-23 01:50:15,812 DEBUG org.springframework.boot.StartupInfoLogger [main] Running with Spring Boot v2.3.3.RELEASE, Spring v5.2.8.RELEASE
2021-01-23 01:50:15,813 INFO org.springframework.boot.SpringApplication [main] No active profile set, falling back to default profiles: default
2021-01-23 01:50:17,165 INFO org.springframework.boot.web.embedded.tomcat.TomcatWebServer [main] Tomcat initialized with port(s): 8080 (http)
2021-01-23 01:50:17,173 INFO org.apache.juli.logging.DirectJDKLog [main] Initializing ProtocolHandler ["http-nio-8080"]
2021-01-23 01:50:17,174 INFO org.apache.juli.logging.DirectJDKLog [main] Starting service [Tomcat]
2021-01-23 01:50:17,174 INFO org.apache.juli.logging.DirectJDKLog [main] Starting Servlet engine: [Apache Tomcat/9.0.37]
2021-01-23 01:50:17,265 INFO org.apache.juli.logging.DirectJDKLog [main] Initializing Spring embedded WebApplicationContext
2021-01-23 01:50:17,265 INFO org.springframework.boot.web.servlet.context.ServletWebServerApplicationContext [main] Root WebApplicationContext: initialization completed in 1225 ms
2021-01-23 01:50:17,573 INFO org.springframework.scheduling.concurrent.ExecutorConfigurationSupport [main] Initializing ExecutorService 'applicationTaskExecutor'
2021-01-23 01:50:17,776 INFO org.apache.juli.logging.DirectJDKLog [main] Starting ProtocolHandler ["http-nio-8080"]
2021-01-23 01:50:17,796 INFO org.springframework.boot.web.embedded.tomcat.TomcatWebServer [main] Tomcat started on port(s): 8080 (http) with context path ''
2021-01-23 01:50:17,806 INFO org.springframework.boot.StartupInfoLogger [main] Started OpenAPI2SpringBoot in 2.531 seconds (JVM running for 3.502)
2021-01-23 01:50:35,927 INFO org.apache.juli.logging.DirectJDKLog [http-nio-8080-exec-1] Initializing Spring DispatcherServlet 'dispatcherServlet'
2021-01-23 01:50:35,936 INFO org.springframework.web.servlet.FrameworkServlet [http-nio-8080-exec-1] Initializing Servlet 'dispatcherServlet'
2021-01-23 01:50:35,951 INFO org.springframework.web.servlet.FrameworkServlet [http-nio-8080-exec-1] Completed initialization in 14 ms
2021-01-23 01:50:36,059 DEBUG ch.inss.idaiserver.api.TestApiController [http-nio-8080-exec-1] Start POST /test
2021-01-23 01:50:36,060 DEBUG ch.inss.idaiserver.api.TestApiController [http-nio-8080-exec-1] Start application/octet-stream.
2021-01-23 01:50:36,065 DEBUG ch.inss.idaiserver.service.TestService [http-nio-8080-exec-1] XXX: Do Tests with reportfolder: ./reports
2021-01-23 01:50:36,076 DEBUG ch.inss.idaiserver.service.TestService [http-nio-8080-exec-1] Cucumblan: #Generated 2021-01-23 at 01:50:36 MEZ
service.api = http://localhost:8081
virtualan.data.load = idaithalan.postman_collection.json;
virtualan.data.type = POSTMAN

2021-01-23 01:50:36,105 INFO ch.inss.idaiserver.utils.FileManagement [http-nio-8080-exec-1] props: service.api={service.api&#61;http://localhost:8081}
virtualan.data.load=[idaithalan.postman_collection.json]
virtualan.data.type=POSTMAN

2021-01-23 01:50:36,110 ERROR ch.inss.idaiserver.utils.FileManagement [http-nio-8080-exec-1] Could not save file: [idaithalan.postman_collection.json]
java.nio.file.NoSuchFileException: src/test/resources/conf/86840e8e-f37a-40d2-9df7-198074a6e958/[idaithalan.postman_collection.json]
	at java.base/sun.nio.fs.UnixException.translateToIOException(UnixException.java:92)
	at java.base/sun.nio.fs.UnixException.rethrowAsIOException(UnixException.java:111)
	at java.base/sun.nio.fs.UnixException.rethrowAsIOException(UnixException.java:116)
	at java.base/sun.nio.fs.UnixFileSystemProvider.newByteChannel(UnixFileSystemProvider.java:219)
	at java.base/java.nio.file.spi.FileSystemProvider.newOutputStream(FileSystemProvider.java:478)
	at java.base/java.nio.file.Files.newOutputStream(Files.java:219)
	at java.base/java.nio.file.Files.copy(Files.java:3066)
	at ch.inss.idaiserver.utils.FileManagement.writeFilestream(FileManagement.java:96)
	at ch.inss.idaiserver.utils.FileManagement.save(FileManagement.java:79)
	at ch.inss.idaiserver.service.TestService.doTests(TestService.java:54)
	at ch.inss.idaiserver.api.TestApiController.testrun(TestApiController.java:89)
	at java.base/jdk.internal.reflect.NativeMethodAccessorImpl.invoke0(Native Method)
	at java.base/jdk.internal.reflect.NativeMethodAccessorImpl.invoke(NativeMethodAccessorImpl.java:62)
	at java.base/jdk.internal.reflect.DelegatingMethodAccessorImpl.invoke(DelegatingMethodAccessorImpl.java:43)
	at java.base/java.lang.reflect.Method.invoke(Method.java:566)
	at org.springframework.web.method.support.InvocableHandlerMethod.doInvoke(InvocableHandlerMethod.java:190)
	at org.springframework.web.method.support.InvocableHandlerMethod.invokeForRequest(InvocableHandlerMethod.java:138)
	at org.springframework.web.servlet.mvc.method.annotation.ServletInvocableHandlerMethod.invokeAndHandle(ServletInvocableHandlerMethod.java:105)
	at org.springframework.web.servlet.mvc.method.annotation.RequestMappingHandlerAdapter.invokeHandlerMethod(RequestMappingHandlerAdapter.java:878)
	at org.springframework.web.servlet.mvc.method.annotation.RequestMappingHandlerAdapter.handleInternal(RequestMappingHandlerAdapter.java:792)
	at org.springframework.web.servlet.mvc.method.AbstractHandlerMethodAdapter.handle(AbstractHandlerMethodAdapter.java:87)
	at org.springframework.web.servlet.DispatcherServlet.doDispatch(DispatcherServlet.java:1040)
	at org.springframework.web.servlet.DispatcherServlet.doService(DispatcherServlet.java:943)
	at org.springframework.web.servlet.FrameworkServlet.processRequest(FrameworkServlet.java:1006)
	at org.springframework.web.servlet.FrameworkServlet.doPost(FrameworkServlet.java:909)
	at javax.servlet.http.HttpServlet.service(HttpServlet.java:652)
	at org.springframework.web.servlet.FrameworkServlet.service(FrameworkServlet.java:883)
	at javax.servlet.http.HttpServlet.service(HttpServlet.java:733)
	at org.apache.catalina.core.ApplicationFilterChain.internalDoFilter(ApplicationFilterChain.java:231)
	at org.apache.catalina.core.ApplicationFilterChain.doFilter(ApplicationFilterChain.java:166)
	at org.apache.tomcat.websocket.server.WsFilter.doFilter(WsFilter.java:53)
	at org.apache.catalina.core.ApplicationFilterChain.internalDoFilter(ApplicationFilterChain.java:193)
	at org.apache.catalina.core.ApplicationFilterChain.doFilter(ApplicationFilterChain.java:166)
	at org.springframework.web.filter.RequestContextFilter.doFilterInternal(RequestContextFilter.java:100)
	at org.springframework.web.filter.OncePerRequestFilter.doFilter(OncePerRequestFilter.java:119)
	at org.apache.catalina.core.ApplicationFilterChain.internalDoFilter(ApplicationFilterChain.java:193)
	at org.apache.catalina.core.ApplicationFilterChain.doFilter(ApplicationFilterChain.java:166)
	at org.springframework.web.filter.FormContentFilter.doFilterInternal(FormContentFilter.java:93)
	at org.springframework.web.filter.OncePerRequestFilter.doFilter(OncePerRequestFilter.java:119)
	at org.apache.catalina.core.ApplicationFilterChain.internalDoFilter(ApplicationFilterChain.java:193)
	at org.apache.catalina.core.ApplicationFilterChain.doFilter(ApplicationFilterChain.java:166)
	at org.springframework.web.filter.CharacterEncodingFilter.doFilterInternal(CharacterEncodingFilter.java:201)
	at org.springframework.web.filter.OncePerRequestFilter.doFilter(OncePerRequestFilter.java:119)
	at org.apache.catalina.core.ApplicationFilterChain.internalDoFilter(ApplicationFilterChain.java:193)
	at org.apache.catalina.core.ApplicationFilterChain.doFilter(ApplicationFilterChain.java:166)
	at org.apache.catalina.core.StandardWrapperValve.invoke(StandardWrapperValve.java:202)
	at org.apache.catalina.core.StandardContextValve.invoke(StandardContextValve.java:96)
	at org.apache.catalina.authenticator.AuthenticatorBase.invoke(AuthenticatorBase.java:541)
	at org.apache.catalina.core.StandardHostValve.invoke(StandardHostValve.java:139)
	at org.apache.catalina.valves.ErrorReportValve.invoke(ErrorReportValve.java:92)
	at org.apache.catalina.core.StandardEngineValve.invoke(StandardEngineValve.java:74)
	at org.apache.catalina.connector.CoyoteAdapter.service(CoyoteAdapter.java:343)
	at org.apache.coyote.http11.Http11Processor.service(Http11Processor.java:373)
	at org.apache.coyote.AbstractProcessorLight.process(AbstractProcessorLight.java:65)
	at org.apache.coyote.AbstractProtocol$ConnectionHandler.process(AbstractProtocol.java:868)
	at org.apache.tomcat.util.net.NioEndpoint$SocketProcessor.doRun(NioEndpoint.java:1589)
	at org.apache.tomcat.util.net.SocketProcessorBase.run(SocketProcessorBase.java:49)
	at java.base/java.util.concurrent.ThreadPoolExecutor.runWorker(ThreadPoolExecutor.java:1128)
	at java.base/java.util.concurrent.ThreadPoolExecutor$Worker.run(ThreadPoolExecutor.java:628)
	at org.apache.tomcat.util.threads.TaskThread$WrappingRunnable.run(TaskThread.java:61)
	at java.base/java.lang.Thread.run(Thread.java:834)
2021-01-23 01:54:57,378 INFO org.springframework.boot.admin.SpringApplicationAdminMXBeanRegistrar$SpringApplicationAdmin [RMI TCP Connection(14)-127.0.0.1] Application shutdown requested.
2021-01-23 01:54:57,403 INFO org.springframework.scheduling.concurrent.ExecutorConfigurationSupport [RMI TCP Connection(14)-127.0.0.1] Shutting down ExecutorService 'applicationTaskExecutor'
2021-01-23 03:48:38,699 INFO org.springframework.boot.StartupInfoLogger [main] Starting OpenAPI2SpringBoot on tplm with PID 9434 (/media/amrit/f62417df-6c96-4797-a3d9-a06fb4352655/workspace/eclipse/API/idaithalam-server/target/classes started by amrit in /media/amrit/f62417df-6c96-4797-a3d9-a06fb4352655/workspace/eclipse/API/idaithalam-server)
2021-01-23 03:48:38,703 DEBUG org.springframework.boot.StartupInfoLogger [main] Running with Spring Boot v2.3.3.RELEASE, Spring v5.2.8.RELEASE
2021-01-23 03:48:38,704 INFO org.springframework.boot.SpringApplication [main] No active profile set, falling back to default profiles: default
2021-01-23 03:48:39,909 INFO org.springframework.boot.web.embedded.tomcat.TomcatWebServer [main] Tomcat initialized with port(s): 8080 (http)
2021-01-23 03:48:39,918 INFO org.apache.juli.logging.DirectJDKLog [main] Initializing ProtocolHandler ["http-nio-8080"]
2021-01-23 03:48:39,919 INFO org.apache.juli.logging.DirectJDKLog [main] Starting service [Tomcat]
2021-01-23 03:48:39,919 INFO org.apache.juli.logging.DirectJDKLog [main] Starting Servlet engine: [Apache Tomcat/9.0.37]
2021-01-23 03:48:40,012 INFO org.apache.juli.logging.DirectJDKLog [main] Initializing Spring embedded WebApplicationContext
2021-01-23 03:48:40,012 INFO org.springframework.boot.web.servlet.context.ServletWebServerApplicationContext [main] Root WebApplicationContext: initialization completed in 1068 ms
2021-01-23 03:48:40,312 INFO org.springframework.scheduling.concurrent.ExecutorConfigurationSupport [main] Initializing ExecutorService 'applicationTaskExecutor'
2021-01-23 03:48:40,513 INFO org.apache.juli.logging.DirectJDKLog [main] Starting ProtocolHandler ["http-nio-8080"]
2021-01-23 03:48:40,530 INFO org.springframework.boot.web.embedded.tomcat.TomcatWebServer [main] Tomcat started on port(s): 8080 (http) with context path ''
2021-01-23 03:48:40,541 INFO org.springframework.boot.StartupInfoLogger [main] Started OpenAPI2SpringBoot in 2.267 seconds (JVM running for 2.812)
2021-01-23 03:48:47,677 INFO org.apache.juli.logging.DirectJDKLog [http-nio-8080-exec-2] Initializing Spring DispatcherServlet 'dispatcherServlet'
2021-01-23 03:48:47,678 INFO org.springframework.web.servlet.FrameworkServlet [http-nio-8080-exec-2] Initializing Servlet 'dispatcherServlet'
2021-01-23 03:48:47,689 INFO org.springframework.web.servlet.FrameworkServlet [http-nio-8080-exec-2] Completed initialization in 10 ms
2021-01-23 03:48:47,771 DEBUG ch.inss.idaiserver.api.TestApiController [http-nio-8080-exec-2] Start POST /test
2021-01-23 03:48:47,772 DEBUG ch.inss.idaiserver.api.TestApiController [http-nio-8080-exec-2] Start application/octet-stream.
2021-01-23 03:48:47,773 DEBUG ch.inss.idaiserver.service.TestService [http-nio-8080-exec-2] Store reports in folder: ./reports/results_8915c87a-2163-4900-b075-1a77ca033789
2021-01-23 03:48:47,781 DEBUG ch.inss.idaiserver.service.TestService [http-nio-8080-exec-2] Cucumblan: #Generated 2021-01-23 at 03:48:47 MEZ
service.api = http://localhost:8081
virtualan.data.load = idaithalan.postman_collection.json;
virtualan.data.type = POSTMAN

2021-01-23 03:48:47,785 ERROR ch.inss.idaiserver.utils.FileManagement [http-nio-8080-exec-2] Could not save file: conf/8915c87a-2163-4900-b075-1a77ca033789
java.io.FileNotFoundException: conf/8915c87a-2163-4900-b075-1a77ca033789/cucumblan.properties (Datei oder Verzeichnis nicht gefunden)
	at java.base/java.io.FileOutputStream.open0(Native Method)
	at java.base/java.io.FileOutputStream.open(FileOutputStream.java:298)
	at java.base/java.io.FileOutputStream.<init>(FileOutputStream.java:237)
	at java.base/java.io.FileOutputStream.<init>(FileOutputStream.java:126)
	at java.base/java.io.FileWriter.<init>(FileWriter.java:66)
	at ch.inss.idaiserver.utils.FileManagement.writeString(FileManagement.java:206)
	at ch.inss.idaiserver.utils.FileManagement.save(FileManagement.java:70)
	at ch.inss.idaiserver.service.TestService.doTests(TestService.java:75)
	at ch.inss.idaiserver.api.TestApiController.testrun(TestApiController.java:89)
	at java.base/jdk.internal.reflect.NativeMethodAccessorImpl.invoke0(Native Method)
	at java.base/jdk.internal.reflect.NativeMethodAccessorImpl.invoke(NativeMethodAccessorImpl.java:62)
	at java.base/jdk.internal.reflect.DelegatingMethodAccessorImpl.invoke(DelegatingMethodAccessorImpl.java:43)
	at java.base/java.lang.reflect.Method.invoke(Method.java:566)
	at org.springframework.web.method.support.InvocableHandlerMethod.doInvoke(InvocableHandlerMethod.java:190)
	at org.springframework.web.method.support.InvocableHandlerMethod.invokeForRequest(InvocableHandlerMethod.java:138)
	at org.springframework.web.servlet.mvc.method.annotation.ServletInvocableHandlerMethod.invokeAndHandle(ServletInvocableHandlerMethod.java:105)
	at org.springframework.web.servlet.mvc.method.annotation.RequestMappingHandlerAdapter.invokeHandlerMethod(RequestMappingHandlerAdapter.java:878)
	at org.springframework.web.servlet.mvc.method.annotation.RequestMappingHandlerAdapter.handleInternal(RequestMappingHandlerAdapter.java:792)
	at org.springframework.web.servlet.mvc.method.AbstractHandlerMethodAdapter.handle(AbstractHandlerMethodAdapter.java:87)
	at org.springframework.web.servlet.DispatcherServlet.doDispatch(DispatcherServlet.java:1040)
	at org.springframework.web.servlet.DispatcherServlet.doService(DispatcherServlet.java:943)
	at org.springframework.web.servlet.FrameworkServlet.processRequest(FrameworkServlet.java:1006)
	at org.springframework.web.servlet.FrameworkServlet.doPost(FrameworkServlet.java:909)
	at javax.servlet.http.HttpServlet.service(HttpServlet.java:652)
	at org.springframework.web.servlet.FrameworkServlet.service(FrameworkServlet.java:883)
	at javax.servlet.http.HttpServlet.service(HttpServlet.java:733)
	at org.apache.catalina.core.ApplicationFilterChain.internalDoFilter(ApplicationFilterChain.java:231)
	at org.apache.catalina.core.ApplicationFilterChain.doFilter(ApplicationFilterChain.java:166)
	at org.apache.tomcat.websocket.server.WsFilter.doFilter(WsFilter.java:53)
	at org.apache.catalina.core.ApplicationFilterChain.internalDoFilter(ApplicationFilterChain.java:193)
	at org.apache.catalina.core.ApplicationFilterChain.doFilter(ApplicationFilterChain.java:166)
	at org.springframework.web.filter.RequestContextFilter.doFilterInternal(RequestContextFilter.java:100)
	at org.springframework.web.filter.OncePerRequestFilter.doFilter(OncePerRequestFilter.java:119)
	at org.apache.catalina.core.ApplicationFilterChain.internalDoFilter(ApplicationFilterChain.java:193)
	at org.apache.catalina.core.ApplicationFilterChain.doFilter(ApplicationFilterChain.java:166)
	at org.springframework.web.filter.FormContentFilter.doFilterInternal(FormContentFilter.java:93)
	at org.springframework.web.filter.OncePerRequestFilter.doFilter(OncePerRequestFilter.java:119)
	at org.apache.catalina.core.ApplicationFilterChain.internalDoFilter(ApplicationFilterChain.java:193)
	at org.apache.catalina.core.ApplicationFilterChain.doFilter(ApplicationFilterChain.java:166)
	at org.springframework.web.filter.CharacterEncodingFilter.doFilterInternal(CharacterEncodingFilter.java:201)
	at org.springframework.web.filter.OncePerRequestFilter.doFilter(OncePerRequestFilter.java:119)
	at org.apache.catalina.core.ApplicationFilterChain.internalDoFilter(ApplicationFilterChain.java:193)
	at org.apache.catalina.core.ApplicationFilterChain.doFilter(ApplicationFilterChain.java:166)
	at org.apache.catalina.core.StandardWrapperValve.invoke(StandardWrapperValve.java:202)
	at org.apache.catalina.core.StandardContextValve.invoke(StandardContextValve.java:96)
	at org.apache.catalina.authenticator.AuthenticatorBase.invoke(AuthenticatorBase.java:541)
	at org.apache.catalina.core.StandardHostValve.invoke(StandardHostValve.java:139)
	at org.apache.catalina.valves.ErrorReportValve.invoke(ErrorReportValve.java:92)
	at org.apache.catalina.core.StandardEngineValve.invoke(StandardEngineValve.java:74)
	at org.apache.catalina.connector.CoyoteAdapter.service(CoyoteAdapter.java:343)
	at org.apache.coyote.http11.Http11Processor.service(Http11Processor.java:373)
	at org.apache.coyote.AbstractProcessorLight.process(AbstractProcessorLight.java:65)
	at org.apache.coyote.AbstractProtocol$ConnectionHandler.process(AbstractProtocol.java:868)
	at org.apache.tomcat.util.net.NioEndpoint$SocketProcessor.doRun(NioEndpoint.java:1589)
	at org.apache.tomcat.util.net.SocketProcessorBase.run(SocketProcessorBase.java:49)
	at java.base/java.util.concurrent.ThreadPoolExecutor.runWorker(ThreadPoolExecutor.java:1128)
	at java.base/java.util.concurrent.ThreadPoolExecutor$Worker.run(ThreadPoolExecutor.java:628)
	at org.apache.tomcat.util.threads.TaskThread$WrappingRunnable.run(TaskThread.java:61)
	at java.base/java.lang.Thread.run(Thread.java:834)
2021-01-23 03:49:23,244 INFO org.springframework.boot.admin.SpringApplicationAdminMXBeanRegistrar$SpringApplicationAdmin [RMI TCP Connection(10)-127.0.0.1] Application shutdown requested.
2021-01-23 03:49:23,277 INFO org.springframework.scheduling.concurrent.ExecutorConfigurationSupport [RMI TCP Connection(10)-127.0.0.1] Shutting down ExecutorService 'applicationTaskExecutor'
2021-01-23 05:18:52,884 INFO org.springframework.boot.StartupInfoLogger [main] Starting OpenAPI2SpringBoot on tplm with PID 13067 (/media/amrit/f62417df-6c96-4797-a3d9-a06fb4352655/workspace/eclipse/API/idaithalam-server/target/classes started by amrit in /media/amrit/f62417df-6c96-4797-a3d9-a06fb4352655/workspace/eclipse/API/idaithalam-server)
2021-01-23 05:18:52,892 DEBUG org.springframework.boot.StartupInfoLogger [main] Running with Spring Boot v2.3.3.RELEASE, Spring v5.2.8.RELEASE
2021-01-23 05:18:52,893 INFO org.springframework.boot.SpringApplication [main] No active profile set, falling back to default profiles: default
2021-01-23 05:18:54,323 INFO org.springframework.boot.web.embedded.tomcat.TomcatWebServer [main] Tomcat initialized with port(s): 8080 (http)
2021-01-23 05:18:54,333 INFO org.apache.juli.logging.DirectJDKLog [main] Initializing ProtocolHandler ["http-nio-8080"]
2021-01-23 05:18:54,334 INFO org.apache.juli.logging.DirectJDKLog [main] Starting service [Tomcat]
2021-01-23 05:18:54,334 INFO org.apache.juli.logging.DirectJDKLog [main] Starting Servlet engine: [Apache Tomcat/9.0.37]
2021-01-23 05:18:54,457 INFO org.apache.juli.logging.DirectJDKLog [main] Initializing Spring embedded WebApplicationContext
2021-01-23 05:18:54,457 INFO org.springframework.boot.web.servlet.context.ServletWebServerApplicationContext [main] Root WebApplicationContext: initialization completed in 1288 ms
2021-01-23 05:18:54,830 INFO org.springframework.scheduling.concurrent.ExecutorConfigurationSupport [main] Initializing ExecutorService 'applicationTaskExecutor'
2021-01-23 05:18:55,064 INFO org.apache.juli.logging.DirectJDKLog [main] Starting ProtocolHandler ["http-nio-8080"]
2021-01-23 05:18:55,086 INFO org.springframework.boot.web.embedded.tomcat.TomcatWebServer [main] Tomcat started on port(s): 8080 (http) with context path ''
2021-01-23 05:18:55,099 INFO org.springframework.boot.StartupInfoLogger [main] Started OpenAPI2SpringBoot in 2.809 seconds (JVM running for 3.823)
2021-01-23 05:19:15,823 INFO org.apache.juli.logging.DirectJDKLog [http-nio-8080-exec-2] Initializing Spring DispatcherServlet 'dispatcherServlet'
2021-01-23 05:19:15,823 INFO org.springframework.web.servlet.FrameworkServlet [http-nio-8080-exec-2] Initializing Servlet 'dispatcherServlet'
2021-01-23 05:19:15,836 INFO org.springframework.web.servlet.FrameworkServlet [http-nio-8080-exec-2] Completed initialization in 13 ms
2021-01-23 05:19:15,912 DEBUG ch.inss.idaiserver.api.TestApiController [http-nio-8080-exec-2] Start POST /test
2021-01-23 05:19:15,913 DEBUG ch.inss.idaiserver.api.TestApiController [http-nio-8080-exec-2] Start application/octet-stream.
2021-01-23 05:19:35,736 DEBUG ch.inss.idaiserver.service.TestService [http-nio-8080-exec-2] Store reports in folder: ./reports/results_c9e82328-9e97-4281-aa4e-7d861e45c99f
2021-01-23 05:19:36,006 DEBUG ch.inss.idaiserver.service.TestService [http-nio-8080-exec-2] Cucumblan: #Generated 2021-01-23 at 05:19:35 MEZ
service.api = http://localhost:8081
virtualan.data.load = idaithalan.postman_collection.json;
virtualan.data.type = POSTMAN

2021-01-23 05:20:18,863 ERROR ch.inss.idaiserver.utils.FileManagement [http-nio-8080-exec-2] Could not save file: ./reports/results_c9e82328-9e97-4281-aa4e-7d861e45c99f/conf
java.io.FileNotFoundException: ./reports/results_c9e82328-9e97-4281-aa4e-7d861e45c99f/conf/cucumblan.properties (Datei oder Verzeichnis nicht gefunden)
	at java.base/java.io.FileOutputStream.open0(Native Method)
	at java.base/java.io.FileOutputStream.open(FileOutputStream.java:298)
	at java.base/java.io.FileOutputStream.<init>(FileOutputStream.java:237)
	at java.base/java.io.FileOutputStream.<init>(FileOutputStream.java:126)
	at java.base/java.io.FileWriter.<init>(FileWriter.java:66)
	at ch.inss.idaiserver.utils.FileManagement.writeString(FileManagement.java:206)
	at ch.inss.idaiserver.utils.FileManagement.save(FileManagement.java:70)
	at ch.inss.idaiserver.service.TestService.doTests(TestService.java:73)
	at ch.inss.idaiserver.api.TestApiController.testrun(TestApiController.java:89)
	at java.base/jdk.internal.reflect.NativeMethodAccessorImpl.invoke0(Native Method)
	at java.base/jdk.internal.reflect.NativeMethodAccessorImpl.invoke(NativeMethodAccessorImpl.java:62)
	at java.base/jdk.internal.reflect.DelegatingMethodAccessorImpl.invoke(DelegatingMethodAccessorImpl.java:43)
	at java.base/java.lang.reflect.Method.invoke(Method.java:566)
	at org.springframework.web.method.support.InvocableHandlerMethod.doInvoke(InvocableHandlerMethod.java:190)
	at org.springframework.web.method.support.InvocableHandlerMethod.invokeForRequest(InvocableHandlerMethod.java:138)
	at org.springframework.web.servlet.mvc.method.annotation.ServletInvocableHandlerMethod.invokeAndHandle(ServletInvocableHandlerMethod.java:105)
	at org.springframework.web.servlet.mvc.method.annotation.RequestMappingHandlerAdapter.invokeHandlerMethod(RequestMappingHandlerAdapter.java:878)
	at org.springframework.web.servlet.mvc.method.annotation.RequestMappingHandlerAdapter.handleInternal(RequestMappingHandlerAdapter.java:792)
	at org.springframework.web.servlet.mvc.method.AbstractHandlerMethodAdapter.handle(AbstractHandlerMethodAdapter.java:87)
	at org.springframework.web.servlet.DispatcherServlet.doDispatch(DispatcherServlet.java:1040)
	at org.springframework.web.servlet.DispatcherServlet.doService(DispatcherServlet.java:943)
	at org.springframework.web.servlet.FrameworkServlet.processRequest(FrameworkServlet.java:1006)
	at org.springframework.web.servlet.FrameworkServlet.doPost(FrameworkServlet.java:909)
	at javax.servlet.http.HttpServlet.service(HttpServlet.java:652)
	at org.springframework.web.servlet.FrameworkServlet.service(FrameworkServlet.java:883)
	at javax.servlet.http.HttpServlet.service(HttpServlet.java:733)
	at org.apache.catalina.core.ApplicationFilterChain.internalDoFilter(ApplicationFilterChain.java:231)
	at org.apache.catalina.core.ApplicationFilterChain.doFilter(ApplicationFilterChain.java:166)
	at org.apache.tomcat.websocket.server.WsFilter.doFilter(WsFilter.java:53)
	at org.apache.catalina.core.ApplicationFilterChain.internalDoFilter(ApplicationFilterChain.java:193)
	at org.apache.catalina.core.ApplicationFilterChain.doFilter(ApplicationFilterChain.java:166)
	at org.springframework.web.filter.RequestContextFilter.doFilterInternal(RequestContextFilter.java:100)
	at org.springframework.web.filter.OncePerRequestFilter.doFilter(OncePerRequestFilter.java:119)
	at org.apache.catalina.core.ApplicationFilterChain.internalDoFilter(ApplicationFilterChain.java:193)
	at org.apache.catalina.core.ApplicationFilterChain.doFilter(ApplicationFilterChain.java:166)
	at org.springframework.web.filter.FormContentFilter.doFilterInternal(FormContentFilter.java:93)
	at org.springframework.web.filter.OncePerRequestFilter.doFilter(OncePerRequestFilter.java:119)
	at org.apache.catalina.core.ApplicationFilterChain.internalDoFilter(ApplicationFilterChain.java:193)
	at org.apache.catalina.core.ApplicationFilterChain.doFilter(ApplicationFilterChain.java:166)
	at org.springframework.web.filter.CharacterEncodingFilter.doFilterInternal(CharacterEncodingFilter.java:201)
	at org.springframework.web.filter.OncePerRequestFilter.doFilter(OncePerRequestFilter.java:119)
	at org.apache.catalina.core.ApplicationFilterChain.internalDoFilter(ApplicationFilterChain.java:193)
	at org.apache.catalina.core.ApplicationFilterChain.doFilter(ApplicationFilterChain.java:166)
	at org.apache.catalina.core.StandardWrapperValve.invoke(StandardWrapperValve.java:202)
	at org.apache.catalina.core.StandardContextValve.invoke(StandardContextValve.java:96)
	at org.apache.catalina.authenticator.AuthenticatorBase.invoke(AuthenticatorBase.java:541)
	at org.apache.catalina.core.StandardHostValve.invoke(StandardHostValve.java:139)
	at org.apache.catalina.valves.ErrorReportValve.invoke(ErrorReportValve.java:92)
	at org.apache.catalina.core.StandardEngineValve.invoke(StandardEngineValve.java:74)
	at org.apache.catalina.connector.CoyoteAdapter.service(CoyoteAdapter.java:343)
	at org.apache.coyote.http11.Http11Processor.service(Http11Processor.java:373)
	at org.apache.coyote.AbstractProcessorLight.process(AbstractProcessorLight.java:65)
	at org.apache.coyote.AbstractProtocol$ConnectionHandler.process(AbstractProtocol.java:868)
	at org.apache.tomcat.util.net.NioEndpoint$SocketProcessor.doRun(NioEndpoint.java:1589)
	at org.apache.tomcat.util.net.SocketProcessorBase.run(SocketProcessorBase.java:49)
	at java.base/java.util.concurrent.ThreadPoolExecutor.runWorker(ThreadPoolExecutor.java:1128)
	at java.base/java.util.concurrent.ThreadPoolExecutor$Worker.run(ThreadPoolExecutor.java:628)
	at org.apache.tomcat.util.threads.TaskThread$WrappingRunnable.run(TaskThread.java:61)
	at java.base/java.lang.Thread.run(Thread.java:834)
2021-01-23 05:21:59,738 INFO org.springframework.boot.StartupInfoLogger [main] Starting OpenAPI2SpringBoot on tplm with PID 13417 (/media/amrit/f62417df-6c96-4797-a3d9-a06fb4352655/workspace/eclipse/API/idaithalam-server/target/classes started by amrit in /media/amrit/f62417df-6c96-4797-a3d9-a06fb4352655/workspace/eclipse/API/idaithalam-server)
2021-01-23 05:21:59,742 DEBUG org.springframework.boot.StartupInfoLogger [main] Running with Spring Boot v2.3.3.RELEASE, Spring v5.2.8.RELEASE
2021-01-23 05:21:59,743 INFO org.springframework.boot.SpringApplication [main] No active profile set, falling back to default profiles: default
2021-01-23 05:22:01,113 INFO org.springframework.boot.web.embedded.tomcat.TomcatWebServer [main] Tomcat initialized with port(s): 8080 (http)
2021-01-23 05:22:01,123 INFO org.apache.juli.logging.DirectJDKLog [main] Initializing ProtocolHandler ["http-nio-8080"]
2021-01-23 05:22:01,124 INFO org.apache.juli.logging.DirectJDKLog [main] Starting service [Tomcat]
2021-01-23 05:22:01,124 INFO org.apache.juli.logging.DirectJDKLog [main] Starting Servlet engine: [Apache Tomcat/9.0.37]
2021-01-23 05:22:01,231 INFO org.apache.juli.logging.DirectJDKLog [main] Initializing Spring embedded WebApplicationContext
2021-01-23 05:22:01,232 INFO org.springframework.boot.web.servlet.context.ServletWebServerApplicationContext [main] Root WebApplicationContext: initialization completed in 1236 ms
2021-01-23 05:22:01,572 INFO org.springframework.scheduling.concurrent.ExecutorConfigurationSupport [main] Initializing ExecutorService 'applicationTaskExecutor'
2021-01-23 05:22:01,829 INFO org.apache.juli.logging.DirectJDKLog [main] Starting ProtocolHandler ["http-nio-8080"]
2021-01-23 05:22:01,852 INFO org.springframework.boot.web.embedded.tomcat.TomcatWebServer [main] Tomcat started on port(s): 8080 (http) with context path ''
2021-01-23 05:22:01,870 INFO org.springframework.boot.StartupInfoLogger [main] Started OpenAPI2SpringBoot in 2.675 seconds (JVM running for 3.641)
2021-01-23 05:22:08,791 INFO org.apache.juli.logging.DirectJDKLog [http-nio-8080-exec-1] Initializing Spring DispatcherServlet 'dispatcherServlet'
2021-01-23 05:22:08,792 INFO org.springframework.web.servlet.FrameworkServlet [http-nio-8080-exec-1] Initializing Servlet 'dispatcherServlet'
2021-01-23 05:22:08,804 INFO org.springframework.web.servlet.FrameworkServlet [http-nio-8080-exec-1] Completed initialization in 12 ms
2021-01-23 05:22:08,867 DEBUG ch.inss.idaiserver.api.TestApiController [http-nio-8080-exec-1] Start POST /test
2021-01-23 05:22:08,867 DEBUG ch.inss.idaiserver.api.TestApiController [http-nio-8080-exec-1] Start application/octet-stream.
2021-01-23 05:22:08,868 DEBUG ch.inss.idaiserver.service.TestService [http-nio-8080-exec-1] Store reports in folder: ./reports/results_18b15913-0284-48b8-a925-87cc011175c7
2021-01-23 05:22:08,874 DEBUG ch.inss.idaiserver.service.TestService [http-nio-8080-exec-1] Cucumblan: #Generated 2021-01-23 at 05:22:08 MEZ
service.api = http://localhost:8081
virtualan.data.load = idaithalan.postman_collection.json;
virtualan.data.type = POSTMAN

2021-01-23 05:23:24,335 INFO org.springframework.boot.admin.SpringApplicationAdminMXBeanRegistrar$SpringApplicationAdmin [RMI TCP Connection(10)-127.0.0.1] Application shutdown requested.
2021-01-23 05:23:24,369 INFO org.springframework.scheduling.concurrent.ExecutorConfigurationSupport [RMI TCP Connection(10)-127.0.0.1] Shutting down ExecutorService 'applicationTaskExecutor'
2021-01-23 06:01:04,760 INFO org.springframework.boot.StartupInfoLogger [main] Starting OpenAPI2SpringBoot on tplm with PID 16310 (/media/amrit/f62417df-6c96-4797-a3d9-a06fb4352655/workspace/eclipse/API/idaithalam-server/target/classes started by amrit in /media/amrit/f62417df-6c96-4797-a3d9-a06fb4352655/workspace/eclipse/API/idaithalam-server)
2021-01-23 06:01:04,764 DEBUG org.springframework.boot.StartupInfoLogger [main] Running with Spring Boot v2.3.3.RELEASE, Spring v5.2.8.RELEASE
2021-01-23 06:01:04,764 INFO org.springframework.boot.SpringApplication [main] No active profile set, falling back to default profiles: default
2021-01-23 06:01:05,903 INFO org.springframework.boot.web.embedded.tomcat.TomcatWebServer [main] Tomcat initialized with port(s): 8080 (http)
2021-01-23 06:01:05,912 INFO org.apache.juli.logging.DirectJDKLog [main] Initializing ProtocolHandler ["http-nio-8080"]
2021-01-23 06:01:05,913 INFO org.apache.juli.logging.DirectJDKLog [main] Starting service [Tomcat]
2021-01-23 06:01:05,913 INFO org.apache.juli.logging.DirectJDKLog [main] Starting Servlet engine: [Apache Tomcat/9.0.37]
2021-01-23 06:01:06,002 INFO org.apache.juli.logging.DirectJDKLog [main] Initializing Spring embedded WebApplicationContext
2021-01-23 06:01:06,003 INFO org.springframework.boot.web.servlet.context.ServletWebServerApplicationContext [main] Root WebApplicationContext: initialization completed in 1030 ms
2021-01-23 06:01:06,281 INFO org.springframework.scheduling.concurrent.ExecutorConfigurationSupport [main] Initializing ExecutorService 'applicationTaskExecutor'
2021-01-23 06:01:06,468 INFO org.apache.juli.logging.DirectJDKLog [main] Starting ProtocolHandler ["http-nio-8080"]
2021-01-23 06:01:06,482 INFO org.springframework.boot.web.embedded.tomcat.TomcatWebServer [main] Tomcat started on port(s): 8080 (http) with context path ''
2021-01-23 06:01:06,493 INFO org.springframework.boot.StartupInfoLogger [main] Started OpenAPI2SpringBoot in 2.119 seconds (JVM running for 2.803)
2021-01-23 06:01:14,287 INFO org.apache.juli.logging.DirectJDKLog [http-nio-8080-exec-2] Initializing Spring DispatcherServlet 'dispatcherServlet'
2021-01-23 06:01:14,288 INFO org.springframework.web.servlet.FrameworkServlet [http-nio-8080-exec-2] Initializing Servlet 'dispatcherServlet'
2021-01-23 06:01:14,297 INFO org.springframework.web.servlet.FrameworkServlet [http-nio-8080-exec-2] Completed initialization in 9 ms
2021-01-23 06:01:14,362 DEBUG ch.inss.idaiserver.api.TestApiController [http-nio-8080-exec-2] Start POST /test
2021-01-23 06:01:14,363 DEBUG ch.inss.idaiserver.api.TestApiController [http-nio-8080-exec-2] Start application/octet-stream.
2021-01-23 06:01:14,364 DEBUG ch.inss.idaiserver.service.TestService [http-nio-8080-exec-2] Store reports in folder: ./reports/results_a15954ad-e44e-4388-a50b-e41a6d0b28ac
2021-01-23 06:01:14,370 DEBUG ch.inss.idaiserver.service.TestService [http-nio-8080-exec-2] Cucumblan: #Generated 2021-01-23 at 06:01:14 MEZ
service.api = http://localhost:8081
virtualan.data.load = idaithalan.postman_collection.json;
virtualan.data.type = POSTMAN

2021-01-23 06:01:51,308 DEBUG ch.inss.idaiserver.api.TestApiController [http-nio-8080-exec-3] Start POST /test
2021-01-23 06:01:51,309 DEBUG ch.inss.idaiserver.api.TestApiController [http-nio-8080-exec-3] Start application/octet-stream.
2021-01-23 06:01:51,309 DEBUG ch.inss.idaiserver.service.TestService [http-nio-8080-exec-3] Store reports in folder: ./reports/results_15fe133d-a167-4dd8-ae27-9955835465e5
2021-01-23 06:01:51,310 DEBUG ch.inss.idaiserver.service.TestService [http-nio-8080-exec-3] Cucumblan: #Generated 2021-01-23 at 06:01:51 MEZ
service.api = http://localhost:8081
virtualan.data.load = idaithalan.postman_collection.json;
virtualan.data.type = POSTMAN

2021-01-23 06:02:06,769 INFO org.springframework.boot.admin.SpringApplicationAdminMXBeanRegistrar$SpringApplicationAdmin [RMI TCP Connection(9)-127.0.0.1] Application shutdown requested.
2021-01-23 06:02:06,798 INFO org.springframework.scheduling.concurrent.ExecutorConfigurationSupport [RMI TCP Connection(9)-127.0.0.1] Shutting down ExecutorService 'applicationTaskExecutor'
2021-01-23 06:04:10,652 INFO org.springframework.boot.StartupInfoLogger [main] Starting OpenAPI2SpringBoot on tplm with PID 16689 (/media/amrit/f62417df-6c96-4797-a3d9-a06fb4352655/workspace/eclipse/API/idaithalam-server/target/classes started by amrit in /media/amrit/f62417df-6c96-4797-a3d9-a06fb4352655/workspace/eclipse/API/idaithalam-server)
2021-01-23 06:04:10,654 DEBUG org.springframework.boot.StartupInfoLogger [main] Running with Spring Boot v2.3.3.RELEASE, Spring v5.2.8.RELEASE
2021-01-23 06:04:10,655 INFO org.springframework.boot.SpringApplication [main] No active profile set, falling back to default profiles: default
2021-01-23 06:04:11,866 INFO org.springframework.boot.web.embedded.tomcat.TomcatWebServer [main] Tomcat initialized with port(s): 8080 (http)
2021-01-23 06:04:11,874 INFO org.apache.juli.logging.DirectJDKLog [main] Initializing ProtocolHandler ["http-nio-8080"]
2021-01-23 06:04:11,875 INFO org.apache.juli.logging.DirectJDKLog [main] Starting service [Tomcat]
2021-01-23 06:04:11,875 INFO org.apache.juli.logging.DirectJDKLog [main] Starting Servlet engine: [Apache Tomcat/9.0.37]
2021-01-23 06:04:11,973 INFO org.apache.juli.logging.DirectJDKLog [main] Initializing Spring embedded WebApplicationContext
2021-01-23 06:04:11,974 INFO org.springframework.boot.web.servlet.context.ServletWebServerApplicationContext [main] Root WebApplicationContext: initialization completed in 1085 ms
2021-01-23 06:04:12,290 INFO org.springframework.scheduling.concurrent.ExecutorConfigurationSupport [main] Initializing ExecutorService 'applicationTaskExecutor'
2021-01-23 06:04:12,505 INFO org.apache.juli.logging.DirectJDKLog [main] Starting ProtocolHandler ["http-nio-8080"]
2021-01-23 06:04:12,519 INFO org.springframework.boot.web.embedded.tomcat.TomcatWebServer [main] Tomcat started on port(s): 8080 (http) with context path ''
2021-01-23 06:04:12,529 INFO org.springframework.boot.StartupInfoLogger [main] Started OpenAPI2SpringBoot in 2.263 seconds (JVM running for 2.869)
2021-01-23 06:04:20,345 INFO org.apache.juli.logging.DirectJDKLog [http-nio-8080-exec-2] Initializing Spring DispatcherServlet 'dispatcherServlet'
2021-01-23 06:04:20,346 INFO org.springframework.web.servlet.FrameworkServlet [http-nio-8080-exec-2] Initializing Servlet 'dispatcherServlet'
2021-01-23 06:04:20,359 INFO org.springframework.web.servlet.FrameworkServlet [http-nio-8080-exec-2] Completed initialization in 12 ms
2021-01-23 06:04:20,412 DEBUG ch.inss.idaiserver.api.TestApiController [http-nio-8080-exec-2] Start POST /test
2021-01-23 06:04:20,413 DEBUG ch.inss.idaiserver.api.TestApiController [http-nio-8080-exec-2] Start application/octet-stream.
2021-01-23 06:04:20,414 DEBUG ch.inss.idaiserver.service.TestService [http-nio-8080-exec-2] Store reports in folder: ./reports/results_eed5f8a3-6a17-400f-a7f6-ba6cc24b58bf
2021-01-23 06:04:20,419 DEBUG ch.inss.idaiserver.service.TestService [http-nio-8080-exec-2] Cucumblan: #Generated 2021-01-23 at 06:04:20 MEZ
service.api = http://localhost:8081
virtualan.data.load = idaithalan.postman_collection.json;
virtualan.data.type = POSTMAN

2021-01-23 06:04:45,436 INFO org.springframework.boot.admin.SpringApplicationAdminMXBeanRegistrar$SpringApplicationAdmin [RMI TCP Connection(10)-127.0.0.1] Application shutdown requested.
2021-01-23 06:04:45,467 INFO org.springframework.scheduling.concurrent.ExecutorConfigurationSupport [RMI TCP Connection(10)-127.0.0.1] Shutting down ExecutorService 'applicationTaskExecutor'
2021-01-23 06:13:02,978 INFO org.springframework.boot.StartupInfoLogger [main] Starting OpenAPI2SpringBoot on tplm with PID 17314 (/media/amrit/f62417df-6c96-4797-a3d9-a06fb4352655/workspace/eclipse/API/idaithalam-server/target/classes started by amrit in /media/amrit/f62417df-6c96-4797-a3d9-a06fb4352655/workspace/eclipse/API/idaithalam-server)
2021-01-23 06:13:02,981 DEBUG org.springframework.boot.StartupInfoLogger [main] Running with Spring Boot v2.3.3.RELEASE, Spring v5.2.8.RELEASE
2021-01-23 06:13:02,982 INFO org.springframework.boot.SpringApplication [main] No active profile set, falling back to default profiles: default
2021-01-23 06:13:04,137 INFO org.springframework.boot.web.embedded.tomcat.TomcatWebServer [main] Tomcat initialized with port(s): 8080 (http)
2021-01-23 06:13:04,145 INFO org.apache.juli.logging.DirectJDKLog [main] Initializing ProtocolHandler ["http-nio-8080"]
2021-01-23 06:13:04,145 INFO org.apache.juli.logging.DirectJDKLog [main] Starting service [Tomcat]
2021-01-23 06:13:04,145 INFO org.apache.juli.logging.DirectJDKLog [main] Starting Servlet engine: [Apache Tomcat/9.0.37]
2021-01-23 06:13:04,255 INFO org.apache.juli.logging.DirectJDKLog [main] Initializing Spring embedded WebApplicationContext
2021-01-23 06:13:04,256 INFO org.springframework.boot.web.servlet.context.ServletWebServerApplicationContext [main] Root WebApplicationContext: initialization completed in 1098 ms
2021-01-23 06:13:04,568 INFO org.springframework.scheduling.concurrent.ExecutorConfigurationSupport [main] Initializing ExecutorService 'applicationTaskExecutor'
2021-01-23 06:13:04,783 INFO org.apache.juli.logging.DirectJDKLog [main] Starting ProtocolHandler ["http-nio-8080"]
2021-01-23 06:13:04,797 INFO org.springframework.boot.web.embedded.tomcat.TomcatWebServer [main] Tomcat started on port(s): 8080 (http) with context path ''
2021-01-23 06:13:04,807 INFO org.springframework.boot.StartupInfoLogger [main] Started OpenAPI2SpringBoot in 2.24 seconds (JVM running for 2.801)
2021-01-23 06:13:09,701 INFO org.springframework.boot.admin.SpringApplicationAdminMXBeanRegistrar$SpringApplicationAdmin [RMI TCP Connection(7)-127.0.0.1] Application shutdown requested.
2021-01-23 06:13:09,738 INFO org.springframework.scheduling.concurrent.ExecutorConfigurationSupport [RMI TCP Connection(7)-127.0.0.1] Shutting down ExecutorService 'applicationTaskExecutor'
2021-01-23 06:24:18,004 INFO org.springframework.boot.StartupInfoLogger [main] Starting OpenAPI2SpringBoot on tplm with PID 17871 (/media/amrit/f62417df-6c96-4797-a3d9-a06fb4352655/workspace/eclipse/API/idaithalam-server/target/classes started by amrit in /media/amrit/f62417df-6c96-4797-a3d9-a06fb4352655/workspace/eclipse/API/idaithalam-server)
2021-01-23 06:24:18,006 DEBUG org.springframework.boot.StartupInfoLogger [main] Running with Spring Boot v2.3.3.RELEASE, Spring v5.2.8.RELEASE
2021-01-23 06:24:18,007 INFO org.springframework.boot.SpringApplication [main] No active profile set, falling back to default profiles: default
2021-01-23 06:24:19,115 INFO org.springframework.boot.web.embedded.tomcat.TomcatWebServer [main] Tomcat initialized with port(s): 8080 (http)
2021-01-23 06:24:19,123 INFO org.apache.juli.logging.DirectJDKLog [main] Initializing ProtocolHandler ["http-nio-8080"]
2021-01-23 06:24:19,124 INFO org.apache.juli.logging.DirectJDKLog [main] Starting service [Tomcat]
2021-01-23 06:24:19,124 INFO org.apache.juli.logging.DirectJDKLog [main] Starting Servlet engine: [Apache Tomcat/9.0.37]
2021-01-23 06:24:19,224 INFO org.apache.juli.logging.DirectJDKLog [main] Initializing Spring embedded WebApplicationContext
2021-01-23 06:24:19,224 INFO org.springframework.boot.web.servlet.context.ServletWebServerApplicationContext [main] Root WebApplicationContext: initialization completed in 1019 ms
2021-01-23 06:24:19,507 INFO org.springframework.scheduling.concurrent.ExecutorConfigurationSupport [main] Initializing ExecutorService 'applicationTaskExecutor'
2021-01-23 06:24:19,704 INFO org.apache.juli.logging.DirectJDKLog [main] Starting ProtocolHandler ["http-nio-8080"]
2021-01-23 06:24:19,742 INFO org.springframework.boot.web.embedded.tomcat.TomcatWebServer [main] Tomcat started on port(s): 8080 (http) with context path ''
2021-01-23 06:24:19,753 INFO org.springframework.boot.StartupInfoLogger [main] Started OpenAPI2SpringBoot in 2.222 seconds (JVM running for 2.76)
2021-01-23 06:24:45,546 INFO org.apache.juli.logging.DirectJDKLog [http-nio-8080-exec-1] Initializing Spring DispatcherServlet 'dispatcherServlet'
2021-01-23 06:24:45,547 INFO org.springframework.web.servlet.FrameworkServlet [http-nio-8080-exec-1] Initializing Servlet 'dispatcherServlet'
2021-01-23 06:24:45,555 INFO org.springframework.web.servlet.FrameworkServlet [http-nio-8080-exec-1] Completed initialization in 8 ms
2021-01-23 06:24:45,607 DEBUG ch.inss.idaiserver.api.TestApiController [http-nio-8080-exec-1] Start POST /test
2021-01-23 06:24:45,608 DEBUG ch.inss.idaiserver.api.TestApiController [http-nio-8080-exec-1] Start application/octet-stream.
2021-01-23 06:24:45,608 DEBUG ch.inss.idaiserver.service.TestService [http-nio-8080-exec-1] Store reports in folder: ./reports/results_dd517d48-8d7e-4916-a85b-6d9b4b840c1f
2021-01-23 06:24:45,614 DEBUG ch.inss.idaiserver.service.TestService [http-nio-8080-exec-1] Cucumblan: #Generated 2021-01-23 at 06:24:45 MEZ
service.api = http://localhost:8081
virtualan.data.load = idaithalan.postman_collection.json;
virtualan.data.type = POSTMAN

2021-01-23 06:27:13,505 INFO org.springframework.boot.admin.SpringApplicationAdminMXBeanRegistrar$SpringApplicationAdmin [RMI TCP Connection(12)-127.0.0.1] Application shutdown requested.
2021-01-23 06:27:13,534 INFO org.springframework.scheduling.concurrent.ExecutorConfigurationSupport [RMI TCP Connection(12)-127.0.0.1] Shutting down ExecutorService 'applicationTaskExecutor'
2021-01-23 06:28:21,289 INFO org.springframework.boot.StartupInfoLogger [main] Starting OpenAPI2SpringBoot on tplm with PID 18275 (/media/amrit/f62417df-6c96-4797-a3d9-a06fb4352655/workspace/eclipse/API/idaithalam-server/target/classes started by amrit in /media/amrit/f62417df-6c96-4797-a3d9-a06fb4352655/workspace/eclipse/API/idaithalam-server)
2021-01-23 06:28:21,292 DEBUG org.springframework.boot.StartupInfoLogger [main] Running with Spring Boot v2.3.3.RELEASE, Spring v5.2.8.RELEASE
2021-01-23 06:28:21,293 INFO org.springframework.boot.SpringApplication [main] No active profile set, falling back to default profiles: default
2021-01-23 06:28:22,424 INFO org.springframework.boot.web.embedded.tomcat.TomcatWebServer [main] Tomcat initialized with port(s): 8080 (http)
2021-01-23 06:28:22,432 INFO org.apache.juli.logging.DirectJDKLog [main] Initializing ProtocolHandler ["http-nio-8080"]
2021-01-23 06:28:22,433 INFO org.apache.juli.logging.DirectJDKLog [main] Starting service [Tomcat]
2021-01-23 06:28:22,433 INFO org.apache.juli.logging.DirectJDKLog [main] Starting Servlet engine: [Apache Tomcat/9.0.37]
2021-01-23 06:28:22,534 INFO org.apache.juli.logging.DirectJDKLog [main] Initializing Spring embedded WebApplicationContext
2021-01-23 06:28:22,534 INFO org.springframework.boot.web.servlet.context.ServletWebServerApplicationContext [main] Root WebApplicationContext: initialization completed in 1037 ms
2021-01-23 06:28:22,868 INFO org.springframework.scheduling.concurrent.ExecutorConfigurationSupport [main] Initializing ExecutorService 'applicationTaskExecutor'
2021-01-23 06:28:23,054 INFO org.apache.juli.logging.DirectJDKLog [main] Starting ProtocolHandler ["http-nio-8080"]
2021-01-23 06:28:23,069 INFO org.springframework.boot.web.embedded.tomcat.TomcatWebServer [main] Tomcat started on port(s): 8080 (http) with context path ''
2021-01-23 06:28:23,081 INFO org.springframework.boot.StartupInfoLogger [main] Started OpenAPI2SpringBoot in 2.213 seconds (JVM running for 2.885)
2021-01-23 06:28:28,531 INFO org.apache.juli.logging.DirectJDKLog [http-nio-8080-exec-1] Initializing Spring DispatcherServlet 'dispatcherServlet'
2021-01-23 06:28:28,532 INFO org.springframework.web.servlet.FrameworkServlet [http-nio-8080-exec-1] Initializing Servlet 'dispatcherServlet'
2021-01-23 06:28:28,542 INFO org.springframework.web.servlet.FrameworkServlet [http-nio-8080-exec-1] Completed initialization in 10 ms
2021-01-23 06:28:28,605 DEBUG ch.inss.idaiserver.api.TestApiController [http-nio-8080-exec-1] Start POST /test
2021-01-23 06:28:28,606 DEBUG ch.inss.idaiserver.api.TestApiController [http-nio-8080-exec-1] Start application/octet-stream.
2021-01-23 06:28:28,606 DEBUG ch.inss.idaiserver.service.TestService [http-nio-8080-exec-1] Store reports in folder: ./reports/results_cfa22964-b8c7-4fe1-97a1-a415c5f443f3
2021-01-23 06:28:28,611 DEBUG ch.inss.idaiserver.service.TestService [http-nio-8080-exec-1] Cucumblan: #Generated 2021-01-23 at 06:28:28 MEZ
service.api = http://localhost:8081
virtualan.data.load = idaithalan.postman_collection.json;
virtualan.data.type = POSTMAN

2021-01-23 06:31:13,729 INFO org.springframework.boot.admin.SpringApplicationAdminMXBeanRegistrar$SpringApplicationAdmin [RMI TCP Connection(12)-127.0.0.1] Application shutdown requested.
2021-01-23 06:31:13,754 INFO org.springframework.scheduling.concurrent.ExecutorConfigurationSupport [RMI TCP Connection(12)-127.0.0.1] Shutting down ExecutorService 'applicationTaskExecutor'
2021-01-23 06:31:16,154 INFO org.springframework.boot.StartupInfoLogger [main] Starting OpenAPI2SpringBoot on tplm with PID 18507 (/media/amrit/f62417df-6c96-4797-a3d9-a06fb4352655/workspace/eclipse/API/idaithalam-server/target/classes started by amrit in /media/amrit/f62417df-6c96-4797-a3d9-a06fb4352655/workspace/eclipse/API/idaithalam-server)
2021-01-23 06:31:16,165 DEBUG org.springframework.boot.StartupInfoLogger [main] Running with Spring Boot v2.3.3.RELEASE, Spring v5.2.8.RELEASE
2021-01-23 06:31:16,166 INFO org.springframework.boot.SpringApplication [main] No active profile set, falling back to default profiles: default
2021-01-23 06:31:17,262 INFO org.springframework.boot.web.embedded.tomcat.TomcatWebServer [main] Tomcat initialized with port(s): 8080 (http)
2021-01-23 06:31:17,271 INFO org.apache.juli.logging.DirectJDKLog [main] Initializing ProtocolHandler ["http-nio-8080"]
2021-01-23 06:31:17,272 INFO org.apache.juli.logging.DirectJDKLog [main] Starting service [Tomcat]
2021-01-23 06:31:17,273 INFO org.apache.juli.logging.DirectJDKLog [main] Starting Servlet engine: [Apache Tomcat/9.0.37]
2021-01-23 06:31:17,363 INFO org.apache.juli.logging.DirectJDKLog [main] Initializing Spring embedded WebApplicationContext
2021-01-23 06:31:17,363 INFO org.springframework.boot.web.servlet.context.ServletWebServerApplicationContext [main] Root WebApplicationContext: initialization completed in 1009 ms
2021-01-23 06:31:17,663 INFO org.springframework.scheduling.concurrent.ExecutorConfigurationSupport [main] Initializing ExecutorService 'applicationTaskExecutor'
2021-01-23 06:31:17,863 INFO org.apache.juli.logging.DirectJDKLog [main] Starting ProtocolHandler ["http-nio-8080"]
2021-01-23 06:31:17,880 INFO org.springframework.boot.web.embedded.tomcat.TomcatWebServer [main] Tomcat started on port(s): 8080 (http) with context path ''
2021-01-23 06:31:17,891 INFO org.springframework.boot.StartupInfoLogger [main] Started OpenAPI2SpringBoot in 2.142 seconds (JVM running for 2.795)
2021-01-23 06:31:27,503 INFO org.apache.juli.logging.DirectJDKLog [http-nio-8080-exec-1] Initializing Spring DispatcherServlet 'dispatcherServlet'
2021-01-23 06:31:27,504 INFO org.springframework.web.servlet.FrameworkServlet [http-nio-8080-exec-1] Initializing Servlet 'dispatcherServlet'
2021-01-23 06:31:27,514 INFO org.springframework.web.servlet.FrameworkServlet [http-nio-8080-exec-1] Completed initialization in 10 ms
2021-01-23 06:31:27,569 DEBUG ch.inss.idaiserver.api.TestApiController [http-nio-8080-exec-1] Start POST /test
2021-01-23 06:31:27,570 DEBUG ch.inss.idaiserver.api.TestApiController [http-nio-8080-exec-1] Start application/octet-stream.
2021-01-23 06:31:27,570 DEBUG ch.inss.idaiserver.service.TestService [http-nio-8080-exec-1] Store reports in folder: ./reports/results_dc9eb255-2929-4ced-a77a-600679210471
2021-01-23 06:31:27,575 DEBUG ch.inss.idaiserver.service.TestService [http-nio-8080-exec-1] Cucumblan: #Generated 2021-01-23 at 06:31:27 MEZ
service.api = http://localhost:8081
virtualan.data.load = idaithalan.postman_collection.json;
virtualan.data.type = POSTMAN

2021-01-23 06:31:27,577 INFO ch.inss.idaiserver.service.TestService [http-nio-8080-exec-1] skipResponseValidation: true
2021-01-23 06:31:27,578 INFO ch.inss.idaiserver.service.TestService [http-nio-8080-exec-1] Responses will not be validated.
2021-01-23 06:32:03,245 DEBUG ch.inss.idaiserver.api.TestApiController [http-nio-8080-exec-3] Start POST /test
2021-01-23 06:32:03,245 DEBUG ch.inss.idaiserver.api.TestApiController [http-nio-8080-exec-3] Start application/octet-stream.
2021-01-23 06:32:03,246 DEBUG ch.inss.idaiserver.service.TestService [http-nio-8080-exec-3] Store reports in folder: ./reports/results_88d97bde-1092-4ade-9a33-95ae87327ef1
2021-01-23 06:32:03,246 DEBUG ch.inss.idaiserver.service.TestService [http-nio-8080-exec-3] Cucumblan: #Generated 2021-01-23 at 06:32:03 MEZ
service.api = http://localhost:8081
virtualan.data.load = idaithalan.postman_collection.json;
virtualan.data.type = POSTMAN

2021-01-23 06:32:03,247 INFO ch.inss.idaiserver.service.TestService [http-nio-8080-exec-3] skipResponseValidation: true
2021-01-23 06:32:03,248 INFO ch.inss.idaiserver.service.TestService [http-nio-8080-exec-3] Responses will not be validated.
2021-01-23 06:34:30,569 DEBUG ch.inss.idaiserver.api.TestApiController [http-nio-8080-exec-5] Start POST /test
2021-01-23 06:34:30,570 DEBUG ch.inss.idaiserver.api.TestApiController [http-nio-8080-exec-5] Start application/octet-stream.
2021-01-23 06:34:30,570 DEBUG ch.inss.idaiserver.service.TestService [http-nio-8080-exec-5] Store reports in folder: ./reports/results_8bf1c55b-ed75-4051-9686-cd540ea16a80
2021-01-23 06:34:30,571 DEBUG ch.inss.idaiserver.service.TestService [http-nio-8080-exec-5] Cucumblan: #Generated 2021-01-23 at 06:34:30 MEZ
service.api = http://localhost:8081
virtualan.data.load = idaithalan.postman_collection.json;
virtualan.data.type = POSTMAN

2021-01-23 06:34:30,572 INFO ch.inss.idaiserver.service.TestService [http-nio-8080-exec-5] skipResponseValidation: true
2021-01-23 06:34:30,573 INFO ch.inss.idaiserver.service.TestService [http-nio-8080-exec-5] Responses will not be validated.
2021-01-23 06:34:43,063 DEBUG ch.inss.idaiserver.api.TestApiController [http-nio-8080-exec-7] Start POST /test
2021-01-23 06:34:43,063 DEBUG ch.inss.idaiserver.api.TestApiController [http-nio-8080-exec-7] Start application/octet-stream.
2021-01-23 06:34:43,064 DEBUG ch.inss.idaiserver.service.TestService [http-nio-8080-exec-7] Store reports in folder: ./reports/results_a3a05d76-64c0-41a4-9ff1-46fe4228d174
2021-01-23 06:34:43,064 DEBUG ch.inss.idaiserver.service.TestService [http-nio-8080-exec-7] Cucumblan: #Generated 2021-01-23 at 06:34:43 MEZ
service.api = http://localhost:8081
virtualan.data.load = idaithalan.postman_collection.json;
virtualan.data.type = POSTMAN

2021-01-23 06:34:43,065 INFO ch.inss.idaiserver.service.TestService [http-nio-8080-exec-7] skipResponseValidation: true
2021-01-23 06:34:43,066 INFO ch.inss.idaiserver.service.TestService [http-nio-8080-exec-7] Responses will not be validated.
2021-01-23 06:35:01,692 INFO org.springframework.boot.admin.SpringApplicationAdminMXBeanRegistrar$SpringApplicationAdmin [RMI TCP Connection(12)-127.0.0.1] Application shutdown requested.
2021-01-23 06:35:01,730 INFO org.springframework.scheduling.concurrent.ExecutorConfigurationSupport [RMI TCP Connection(12)-127.0.0.1] Shutting down ExecutorService 'applicationTaskExecutor'
2021-01-23 06:35:04,192 INFO org.springframework.boot.StartupInfoLogger [main] Starting OpenAPI2SpringBoot on tplm with PID 18773 (/media/amrit/f62417df-6c96-4797-a3d9-a06fb4352655/workspace/eclipse/API/idaithalam-server/target/classes started by amrit in /media/amrit/f62417df-6c96-4797-a3d9-a06fb4352655/workspace/eclipse/API/idaithalam-server)
2021-01-23 06:35:04,196 DEBUG org.springframework.boot.StartupInfoLogger [main] Running with Spring Boot v2.3.3.RELEASE, Spring v5.2.8.RELEASE
2021-01-23 06:35:04,197 INFO org.springframework.boot.SpringApplication [main] No active profile set, falling back to default profiles: default
2021-01-23 06:35:05,386 INFO org.springframework.boot.web.embedded.tomcat.TomcatWebServer [main] Tomcat initialized with port(s): 8080 (http)
2021-01-23 06:35:05,395 INFO org.apache.juli.logging.DirectJDKLog [main] Initializing ProtocolHandler ["http-nio-8080"]
2021-01-23 06:35:05,396 INFO org.apache.juli.logging.DirectJDKLog [main] Starting service [Tomcat]
2021-01-23 06:35:05,396 INFO org.apache.juli.logging.DirectJDKLog [main] Starting Servlet engine: [Apache Tomcat/9.0.37]
2021-01-23 06:35:05,497 INFO org.apache.juli.logging.DirectJDKLog [main] Initializing Spring embedded WebApplicationContext
2021-01-23 06:35:05,498 INFO org.springframework.boot.web.servlet.context.ServletWebServerApplicationContext [main] Root WebApplicationContext: initialization completed in 1089 ms
2021-01-23 06:35:05,809 INFO org.springframework.scheduling.concurrent.ExecutorConfigurationSupport [main] Initializing ExecutorService 'applicationTaskExecutor'
2021-01-23 06:35:05,989 INFO org.apache.juli.logging.DirectJDKLog [main] Starting ProtocolHandler ["http-nio-8080"]
2021-01-23 06:35:06,006 INFO org.springframework.boot.web.embedded.tomcat.TomcatWebServer [main] Tomcat started on port(s): 8080 (http) with context path ''
2021-01-23 06:35:06,019 INFO org.springframework.boot.StartupInfoLogger [main] Started OpenAPI2SpringBoot in 2.224 seconds (JVM running for 2.916)
2021-01-23 06:35:11,400 INFO org.apache.juli.logging.DirectJDKLog [http-nio-8080-exec-2] Initializing Spring DispatcherServlet 'dispatcherServlet'
2021-01-23 06:35:11,400 INFO org.springframework.web.servlet.FrameworkServlet [http-nio-8080-exec-2] Initializing Servlet 'dispatcherServlet'
2021-01-23 06:35:11,411 INFO org.springframework.web.servlet.FrameworkServlet [http-nio-8080-exec-2] Completed initialization in 10 ms
2021-01-23 06:35:11,463 DEBUG ch.inss.idaiserver.api.TestApiController [http-nio-8080-exec-2] Start POST /test
2021-01-23 06:35:11,464 DEBUG ch.inss.idaiserver.api.TestApiController [http-nio-8080-exec-2] Start application/octet-stream.
2021-01-23 06:35:11,464 DEBUG ch.inss.idaiserver.service.TestService [http-nio-8080-exec-2] Store reports in folder: ./reports/results_45252a28-5cfc-4a8b-83e9-a4777b5ba4b6
2021-01-23 06:35:11,469 DEBUG ch.inss.idaiserver.service.TestService [http-nio-8080-exec-2] Cucumblan: #Generated 2021-01-23 at 06:35:11 MEZ
service.api = http://localhost:8081
virtualan.data.load = idaithalan.postman_collection.json;
virtualan.data.type = POSTMAN

2021-01-23 06:35:11,472 INFO ch.inss.idaiserver.service.TestService [http-nio-8080-exec-2] skipResponseValidation: true
2021-01-23 06:35:11,472 INFO ch.inss.idaiserver.service.TestService [http-nio-8080-exec-2] Responses will not be validated.
2021-01-23 06:35:28,930 INFO org.springframework.boot.admin.SpringApplicationAdminMXBeanRegistrar$SpringApplicationAdmin [RMI TCP Connection(7)-127.0.0.1] Application shutdown requested.
2021-01-23 06:35:28,962 INFO org.springframework.scheduling.concurrent.ExecutorConfigurationSupport [RMI TCP Connection(7)-127.0.0.1] Shutting down ExecutorService 'applicationTaskExecutor'
2021-01-23 06:35:40,904 INFO org.springframework.boot.StartupInfoLogger [main] Starting OpenAPI2SpringBoot on tplm with PID 18881 (/media/amrit/f62417df-6c96-4797-a3d9-a06fb4352655/workspace/eclipse/API/idaithalam-server/target/classes started by amrit in /media/amrit/f62417df-6c96-4797-a3d9-a06fb4352655/workspace/eclipse/API/idaithalam-server)
2021-01-23 06:35:40,912 DEBUG org.springframework.boot.StartupInfoLogger [main] Running with Spring Boot v2.3.3.RELEASE, Spring v5.2.8.RELEASE
2021-01-23 06:35:40,913 INFO org.springframework.boot.SpringApplication [main] No active profile set, falling back to default profiles: default
2021-01-23 06:35:42,221 INFO org.springframework.boot.web.embedded.tomcat.TomcatWebServer [main] Tomcat initialized with port(s): 8080 (http)
2021-01-23 06:35:42,231 INFO org.apache.juli.logging.DirectJDKLog [main] Initializing ProtocolHandler ["http-nio-8080"]
2021-01-23 06:35:42,232 INFO org.apache.juli.logging.DirectJDKLog [main] Starting service [Tomcat]
2021-01-23 06:35:42,232 INFO org.apache.juli.logging.DirectJDKLog [main] Starting Servlet engine: [Apache Tomcat/9.0.37]
2021-01-23 06:35:42,351 INFO org.apache.juli.logging.DirectJDKLog [main] Initializing Spring embedded WebApplicationContext
2021-01-23 06:35:42,352 INFO org.springframework.boot.web.servlet.context.ServletWebServerApplicationContext [main] Root WebApplicationContext: initialization completed in 1217 ms
2021-01-23 06:35:42,697 INFO org.springframework.scheduling.concurrent.ExecutorConfigurationSupport [main] Initializing ExecutorService 'applicationTaskExecutor'
2021-01-23 06:35:42,911 INFO org.apache.juli.logging.DirectJDKLog [main] Starting ProtocolHandler ["http-nio-8080"]
2021-01-23 06:35:42,934 INFO org.springframework.boot.web.embedded.tomcat.TomcatWebServer [main] Tomcat started on port(s): 8080 (http) with context path ''
2021-01-23 06:35:42,947 INFO org.springframework.boot.StartupInfoLogger [main] Started OpenAPI2SpringBoot in 2.589 seconds (JVM running for 3.521)
2021-01-23 06:35:46,127 INFO org.apache.juli.logging.DirectJDKLog [http-nio-8080-exec-1] Initializing Spring DispatcherServlet 'dispatcherServlet'
2021-01-23 06:35:46,128 INFO org.springframework.web.servlet.FrameworkServlet [http-nio-8080-exec-1] Initializing Servlet 'dispatcherServlet'
2021-01-23 06:35:46,139 INFO org.springframework.web.servlet.FrameworkServlet [http-nio-8080-exec-1] Completed initialization in 11 ms
2021-01-23 06:35:46,197 DEBUG ch.inss.idaiserver.api.TestApiController [http-nio-8080-exec-1] Start POST /test
2021-01-23 06:35:46,198 DEBUG ch.inss.idaiserver.api.TestApiController [http-nio-8080-exec-1] Start application/octet-stream.
2021-01-23 06:35:46,199 DEBUG ch.inss.idaiserver.service.TestService [http-nio-8080-exec-1] Store reports in folder: ./reports/results_27c9ddb6-1e6c-4d3a-bc2d-4369477ca2ee
2021-01-23 06:35:46,206 DEBUG ch.inss.idaiserver.service.TestService [http-nio-8080-exec-1] Cucumblan: #Generated 2021-01-23 at 06:35:46 MEZ
service.api = http://localhost:8081
virtualan.data.load = idaithalan.postman_collection.json;
virtualan.data.type = POSTMAN

2021-01-23 06:35:58,530 INFO ch.inss.idaiserver.service.TestService [http-nio-8080-exec-1] skipResponseValidation: true
2021-01-23 06:36:01,973 INFO ch.inss.idaiserver.service.TestService [http-nio-8080-exec-1] Responses will not be validated.
2021-01-23 06:43:21,915 INFO org.springframework.boot.StartupInfoLogger [main] Starting OpenAPI2SpringBoot on tplm with PID 19567 (/media/amrit/f62417df-6c96-4797-a3d9-a06fb4352655/workspace/eclipse/API/idaithalam-server/target/classes started by amrit in /media/amrit/f62417df-6c96-4797-a3d9-a06fb4352655/workspace/eclipse/API/idaithalam-server)
2021-01-23 06:43:21,918 DEBUG org.springframework.boot.StartupInfoLogger [main] Running with Spring Boot v2.3.3.RELEASE, Spring v5.2.8.RELEASE
2021-01-23 06:43:21,919 INFO org.springframework.boot.SpringApplication [main] No active profile set, falling back to default profiles: default
2021-01-23 06:43:23,111 INFO org.springframework.boot.web.embedded.tomcat.TomcatWebServer [main] Tomcat initialized with port(s): 8080 (http)
2021-01-23 06:43:23,119 INFO org.apache.juli.logging.DirectJDKLog [main] Initializing ProtocolHandler ["http-nio-8080"]
2021-01-23 06:43:23,119 INFO org.apache.juli.logging.DirectJDKLog [main] Starting service [Tomcat]
2021-01-23 06:43:23,120 INFO org.apache.juli.logging.DirectJDKLog [main] Starting Servlet engine: [Apache Tomcat/9.0.37]
2021-01-23 06:43:23,213 INFO org.apache.juli.logging.DirectJDKLog [main] Initializing Spring embedded WebApplicationContext
2021-01-23 06:43:23,213 INFO org.springframework.boot.web.servlet.context.ServletWebServerApplicationContext [main] Root WebApplicationContext: initialization completed in 1090 ms
2021-01-23 06:43:23,507 INFO org.springframework.scheduling.concurrent.ExecutorConfigurationSupport [main] Initializing ExecutorService 'applicationTaskExecutor'
2021-01-23 06:43:23,700 INFO org.apache.juli.logging.DirectJDKLog [main] Starting ProtocolHandler ["http-nio-8080"]
2021-01-23 06:43:23,717 INFO org.springframework.boot.web.embedded.tomcat.TomcatWebServer [main] Tomcat started on port(s): 8080 (http) with context path ''
2021-01-23 06:43:23,731 INFO org.springframework.boot.StartupInfoLogger [main] Started OpenAPI2SpringBoot in 2.219 seconds (JVM running for 2.851)
2021-01-23 06:43:28,598 INFO org.apache.juli.logging.DirectJDKLog [http-nio-8080-exec-1] Initializing Spring DispatcherServlet 'dispatcherServlet'
2021-01-23 06:43:28,600 INFO org.springframework.web.servlet.FrameworkServlet [http-nio-8080-exec-1] Initializing Servlet 'dispatcherServlet'
2021-01-23 06:43:28,611 INFO org.springframework.web.servlet.FrameworkServlet [http-nio-8080-exec-1] Completed initialization in 11 ms
2021-01-23 06:43:28,667 DEBUG ch.inss.idaiserver.api.TestApiController [http-nio-8080-exec-1] Start POST /test
2021-01-23 06:43:28,668 DEBUG ch.inss.idaiserver.api.TestApiController [http-nio-8080-exec-1] Start application/octet-stream.
2021-01-23 06:43:28,668 DEBUG ch.inss.idaiserver.service.TestService [http-nio-8080-exec-1] Store reports in folder: ./reports/results_4bca5716-0506-41e9-a24e-00a13f8841b3
2021-01-23 06:43:28,673 DEBUG ch.inss.idaiserver.service.TestService [http-nio-8080-exec-1] Cucumblan: #Generated 2021-01-23 at 06:43:28 MEZ
service.api = http://localhost:8081
virtualan.data.load = idaithalan.postman_collection.json;
virtualan.data.type = POSTMAN

2021-01-23 06:43:28,675 INFO ch.inss.idaiserver.service.TestService [http-nio-8080-exec-1] skipResponseValidation: true
2021-01-23 06:43:28,676 INFO ch.inss.idaiserver.service.TestService [http-nio-8080-exec-1] Responses will not be validated.
2021-01-23 06:43:28,676 INFO ch.inss.idaiserver.service.TestService [http-nio-8080-exec-1] Maven execution Execption raised: class jdk.internal.loader.ClassLoaders$AppClassLoader cannot be cast to class java.net.URLClassLoader (jdk.internal.loader.ClassLoaders$AppClassLoader and java.net.URLClassLoader are in module java.base of loader 'bootstrap')
2021-01-23 06:43:28,679 INFO ch.inss.idaiserver.service.TestService [http-nio-8080-exec-1] Generated report html file: ./reports/results_4bca5716-0506-41e9-a24e-00a13f8841b3/cucumber-html-reports/overview-features.html
2021-01-23 06:43:57,057 DEBUG ch.inss.idaiserver.api.TestApiController [http-nio-8080-exec-3] Start POST /test
2021-01-23 06:43:57,058 DEBUG ch.inss.idaiserver.api.TestApiController [http-nio-8080-exec-3] Start application/octet-stream.
2021-01-23 06:43:57,058 DEBUG ch.inss.idaiserver.service.TestService [http-nio-8080-exec-3] Store reports in folder: ./reports/results_55de57b7-8fa9-43e4-9cdc-9e5de3f49bf3
2021-01-23 06:43:57,059 DEBUG ch.inss.idaiserver.service.TestService [http-nio-8080-exec-3] Cucumblan: #Generated 2021-01-23 at 06:43:57 MEZ
service.api = http://localhost:8081
virtualan.data.load = idaithalan.postman_collection.json;
virtualan.data.type = POSTMAN

2021-01-23 06:43:57,062 INFO ch.inss.idaiserver.service.TestService [http-nio-8080-exec-3] skipResponseValidation: true
2021-01-23 06:43:57,063 INFO ch.inss.idaiserver.service.TestService [http-nio-8080-exec-3] Responses will not be validated.
2021-01-23 06:43:57,065 INFO ch.inss.idaiserver.service.TestService [http-nio-8080-exec-3] Maven execution Execption raised: class jdk.internal.loader.ClassLoaders$AppClassLoader cannot be cast to class java.net.URLClassLoader (jdk.internal.loader.ClassLoaders$AppClassLoader and java.net.URLClassLoader are in module java.base of loader 'bootstrap')
2021-01-23 06:43:57,067 INFO ch.inss.idaiserver.service.TestService [http-nio-8080-exec-3] Generated report html file: ./reports/results_55de57b7-8fa9-43e4-9cdc-9e5de3f49bf3/cucumber-html-reports/overview-features.html
2021-01-23 06:44:39,278 INFO org.springframework.boot.admin.SpringApplicationAdminMXBeanRegistrar$SpringApplicationAdmin [RMI TCP Connection(9)-127.0.0.1] Application shutdown requested.
2021-01-23 06:44:39,312 INFO org.springframework.scheduling.concurrent.ExecutorConfigurationSupport [RMI TCP Connection(9)-127.0.0.1] Shutting down ExecutorService 'applicationTaskExecutor'
2021-01-23 06:54:35,602 INFO org.springframework.boot.StartupInfoLogger [main] Starting OpenAPI2SpringBoot on tplm with PID 20222 (/media/amrit/f62417df-6c96-4797-a3d9-a06fb4352655/workspace/eclipse/API/idaithalam-server/target/classes started by amrit in /media/amrit/f62417df-6c96-4797-a3d9-a06fb4352655/workspace/eclipse/API/idaithalam-server)
2021-01-23 06:54:35,604 DEBUG org.springframework.boot.StartupInfoLogger [main] Running with Spring Boot v2.3.3.RELEASE, Spring v5.2.8.RELEASE
2021-01-23 06:54:35,605 INFO org.springframework.boot.SpringApplication [main] No active profile set, falling back to default profiles: default
2021-01-23 06:54:36,798 INFO org.springframework.boot.web.embedded.tomcat.TomcatWebServer [main] Tomcat initialized with port(s): 8080 (http)
2021-01-23 06:54:36,805 INFO org.apache.juli.logging.DirectJDKLog [main] Initializing ProtocolHandler ["http-nio-8080"]
2021-01-23 06:54:36,806 INFO org.apache.juli.logging.DirectJDKLog [main] Starting service [Tomcat]
2021-01-23 06:54:36,806 INFO org.apache.juli.logging.DirectJDKLog [main] Starting Servlet engine: [Apache Tomcat/9.0.37]
2021-01-23 06:54:36,896 INFO org.apache.juli.logging.DirectJDKLog [main] Initializing Spring embedded WebApplicationContext
2021-01-23 06:54:36,896 INFO org.springframework.boot.web.servlet.context.ServletWebServerApplicationContext [main] Root WebApplicationContext: initialization completed in 1051 ms
2021-01-23 06:54:37,189 INFO org.springframework.scheduling.concurrent.ExecutorConfigurationSupport [main] Initializing ExecutorService 'applicationTaskExecutor'
2021-01-23 06:54:37,381 INFO org.apache.juli.logging.DirectJDKLog [main] Starting ProtocolHandler ["http-nio-8080"]
2021-01-23 06:54:37,396 INFO org.springframework.boot.web.embedded.tomcat.TomcatWebServer [main] Tomcat started on port(s): 8080 (http) with context path ''
2021-01-23 06:54:37,407 INFO org.springframework.boot.StartupInfoLogger [main] Started OpenAPI2SpringBoot in 2.217 seconds (JVM running for 2.825)
2021-01-23 06:54:42,759 INFO org.apache.juli.logging.DirectJDKLog [http-nio-8080-exec-2] Initializing Spring DispatcherServlet 'dispatcherServlet'
2021-01-23 06:54:42,759 INFO org.springframework.web.servlet.FrameworkServlet [http-nio-8080-exec-2] Initializing Servlet 'dispatcherServlet'
2021-01-23 06:54:42,767 INFO org.springframework.web.servlet.FrameworkServlet [http-nio-8080-exec-2] Completed initialization in 8 ms
2021-01-23 06:54:42,832 DEBUG ch.inss.idaiserver.api.TestApiController [http-nio-8080-exec-2] Start POST /test
2021-01-23 06:54:42,833 DEBUG ch.inss.idaiserver.api.TestApiController [http-nio-8080-exec-2] Start application/octet-stream.
2021-01-23 06:54:42,834 DEBUG ch.inss.idaiserver.service.TestService [http-nio-8080-exec-2] Store reports in folder: ./reports/results_66bc0877-be53-4f2f-b7d1-2611c47a79e3
2021-01-23 06:54:42,841 DEBUG ch.inss.idaiserver.service.TestService [http-nio-8080-exec-2] Cucumblan: #Generated 2021-01-23 at 06:54:42 MEZ
service.api = http://localhost:8081
virtualan.data.load = idaithalan.postman_collection.json;
virtualan.data.type = POSTMAN

2021-01-23 06:54:42,844 INFO ch.inss.idaiserver.service.TestService [http-nio-8080-exec-2] skipResponseValidation: true
2021-01-23 06:54:42,844 INFO ch.inss.idaiserver.service.TestService [http-nio-8080-exec-2] Responses will not be validated.
2021-01-23 06:54:42,845 INFO ch.inss.idaiserver.service.TestService [http-nio-8080-exec-2] Maven execution Execption raised: class jdk.internal.loader.ClassLoaders$AppClassLoader cannot be cast to class java.net.URLClassLoader (jdk.internal.loader.ClassLoaders$AppClassLoader and java.net.URLClassLoader are in module java.base of loader 'bootstrap')
2021-01-23 06:54:42,847 INFO ch.inss.idaiserver.service.TestService [http-nio-8080-exec-2] Generated report html file: ./reports/results_66bc0877-be53-4f2f-b7d1-2611c47a79e3/cucumber-html-reports/overview-features.html
2021-01-23 06:55:05,307 INFO org.springframework.boot.admin.SpringApplicationAdminMXBeanRegistrar$SpringApplicationAdmin [RMI TCP Connection(9)-127.0.0.1] Application shutdown requested.
2021-01-23 06:55:05,335 INFO org.springframework.scheduling.concurrent.ExecutorConfigurationSupport [RMI TCP Connection(9)-127.0.0.1] Shutting down ExecutorService 'applicationTaskExecutor'
2021-01-23 06:55:17,549 INFO org.springframework.boot.StartupInfoLogger [main] Starting OpenAPI2SpringBoot on tplm with PID 20348 (/media/amrit/f62417df-6c96-4797-a3d9-a06fb4352655/workspace/eclipse/API/idaithalam-server/target/classes started by amrit in /media/amrit/f62417df-6c96-4797-a3d9-a06fb4352655/workspace/eclipse/API/idaithalam-server)
2021-01-23 06:55:17,554 DEBUG org.springframework.boot.StartupInfoLogger [main] Running with Spring Boot v2.3.3.RELEASE, Spring v5.2.8.RELEASE
2021-01-23 06:55:17,555 INFO org.springframework.boot.SpringApplication [main] No active profile set, falling back to default profiles: default
2021-01-23 06:55:18,976 INFO org.springframework.boot.web.embedded.tomcat.TomcatWebServer [main] Tomcat initialized with port(s): 8080 (http)
2021-01-23 06:55:18,985 INFO org.apache.juli.logging.DirectJDKLog [main] Initializing ProtocolHandler ["http-nio-8080"]
2021-01-23 06:55:18,986 INFO org.apache.juli.logging.DirectJDKLog [main] Starting service [Tomcat]
2021-01-23 06:55:18,986 INFO org.apache.juli.logging.DirectJDKLog [main] Starting Servlet engine: [Apache Tomcat/9.0.37]
2021-01-23 06:55:19,103 INFO org.apache.juli.logging.DirectJDKLog [main] Initializing Spring embedded WebApplicationContext
2021-01-23 06:55:19,103 INFO org.springframework.boot.web.servlet.context.ServletWebServerApplicationContext [main] Root WebApplicationContext: initialization completed in 1242 ms
2021-01-23 06:55:19,457 INFO org.springframework.scheduling.concurrent.ExecutorConfigurationSupport [main] Initializing ExecutorService 'applicationTaskExecutor'
2021-01-23 06:55:19,684 INFO org.apache.juli.logging.DirectJDKLog [main] Starting ProtocolHandler ["http-nio-8080"]
2021-01-23 06:55:19,709 INFO org.springframework.boot.web.embedded.tomcat.TomcatWebServer [main] Tomcat started on port(s): 8080 (http) with context path ''
2021-01-23 06:55:19,740 INFO org.springframework.boot.StartupInfoLogger [main] Started OpenAPI2SpringBoot in 2.7 seconds (JVM running for 3.476)
2021-01-23 06:55:26,162 INFO org.apache.juli.logging.DirectJDKLog [http-nio-8080-exec-2] Initializing Spring DispatcherServlet 'dispatcherServlet'
2021-01-23 06:55:26,163 INFO org.springframework.web.servlet.FrameworkServlet [http-nio-8080-exec-2] Initializing Servlet 'dispatcherServlet'
2021-01-23 06:55:26,176 INFO org.springframework.web.servlet.FrameworkServlet [http-nio-8080-exec-2] Completed initialization in 13 ms
2021-01-23 06:55:26,235 DEBUG ch.inss.idaiserver.api.TestApiController [http-nio-8080-exec-2] Start POST /test
2021-01-23 06:55:26,235 DEBUG ch.inss.idaiserver.api.TestApiController [http-nio-8080-exec-2] Start application/octet-stream.
2021-01-23 06:55:26,236 DEBUG ch.inss.idaiserver.service.TestService [http-nio-8080-exec-2] Store reports in folder: ./reports/results_4e3bdd6f-7853-4b86-9ac2-4674f13a79fc
2021-01-23 06:55:26,242 DEBUG ch.inss.idaiserver.service.TestService [http-nio-8080-exec-2] Cucumblan: #Generated 2021-01-23 at 06:55:26 MEZ
service.api = http://localhost:8081
virtualan.data.load = idaithalan.postman_collection.json;
virtualan.data.type = POSTMAN

2021-01-23 06:55:26,244 INFO ch.inss.idaiserver.service.TestService [http-nio-8080-exec-2] skipResponseValidation: true
2021-01-23 06:55:26,245 INFO ch.inss.idaiserver.service.TestService [http-nio-8080-exec-2] Responses will not be validated.
2021-01-23 06:55:36,163 INFO ch.inss.idaiserver.service.TestService [http-nio-8080-exec-2] Maven execution Execption raised: class jdk.internal.loader.ClassLoaders$AppClassLoader cannot be cast to class java.net.URLClassLoader (jdk.internal.loader.ClassLoaders$AppClassLoader and java.net.URLClassLoader are in module java.base of loader 'bootstrap')
2021-01-23 06:56:55,154 INFO org.springframework.boot.StartupInfoLogger [main] Starting OpenAPI2SpringBoot on tplm with PID 20598 (/media/amrit/f62417df-6c96-4797-a3d9-a06fb4352655/workspace/eclipse/API/idaithalam-server/target/classes started by amrit in /media/amrit/f62417df-6c96-4797-a3d9-a06fb4352655/workspace/eclipse/API/idaithalam-server)
2021-01-23 06:56:55,157 DEBUG org.springframework.boot.StartupInfoLogger [main] Running with Spring Boot v2.3.3.RELEASE, Spring v5.2.8.RELEASE
2021-01-23 06:56:55,158 INFO org.springframework.boot.SpringApplication [main] No active profile set, falling back to default profiles: default
2021-01-23 06:56:56,308 INFO org.springframework.boot.web.embedded.tomcat.TomcatWebServer [main] Tomcat initialized with port(s): 8080 (http)
2021-01-23 06:56:56,316 INFO org.apache.juli.logging.DirectJDKLog [main] Initializing ProtocolHandler ["http-nio-8080"]
2021-01-23 06:56:56,316 INFO org.apache.juli.logging.DirectJDKLog [main] Starting service [Tomcat]
2021-01-23 06:56:56,317 INFO org.apache.juli.logging.DirectJDKLog [main] Starting Servlet engine: [Apache Tomcat/9.0.37]
2021-01-23 06:56:56,402 INFO org.apache.juli.logging.DirectJDKLog [main] Initializing Spring embedded WebApplicationContext
2021-01-23 06:56:56,402 INFO org.springframework.boot.web.servlet.context.ServletWebServerApplicationContext [main] Root WebApplicationContext: initialization completed in 1044 ms
2021-01-23 06:56:56,737 INFO org.springframework.scheduling.concurrent.ExecutorConfigurationSupport [main] Initializing ExecutorService 'applicationTaskExecutor'
2021-01-23 06:56:56,942 INFO org.apache.juli.logging.DirectJDKLog [main] Starting ProtocolHandler ["http-nio-8080"]
2021-01-23 06:56:56,958 INFO org.springframework.boot.web.embedded.tomcat.TomcatWebServer [main] Tomcat started on port(s): 8080 (http) with context path ''
2021-01-23 06:56:56,971 INFO org.springframework.boot.StartupInfoLogger [main] Started OpenAPI2SpringBoot in 2.244 seconds (JVM running for 2.893)
2021-01-23 06:57:01,223 INFO org.apache.juli.logging.DirectJDKLog [http-nio-8080-exec-2] Initializing Spring DispatcherServlet 'dispatcherServlet'
2021-01-23 06:57:01,224 INFO org.springframework.web.servlet.FrameworkServlet [http-nio-8080-exec-2] Initializing Servlet 'dispatcherServlet'
2021-01-23 06:57:01,232 INFO org.springframework.web.servlet.FrameworkServlet [http-nio-8080-exec-2] Completed initialization in 8 ms
2021-01-23 06:57:01,306 DEBUG ch.inss.idaiserver.api.TestApiController [http-nio-8080-exec-2] Start POST /test
2021-01-23 06:57:01,307 DEBUG ch.inss.idaiserver.api.TestApiController [http-nio-8080-exec-2] Start application/octet-stream.
2021-01-23 06:57:01,307 DEBUG ch.inss.idaiserver.service.TestService [http-nio-8080-exec-2] Store reports in folder: ./reports/results_ed9f002e-ccdc-4b31-8e16-f55edb362258
2021-01-23 06:57:01,311 DEBUG ch.inss.idaiserver.service.TestService [http-nio-8080-exec-2] Cucumblan: #Generated 2021-01-23 at 06:57:01 MEZ
service.api = http://localhost:8081
virtualan.data.load = idaithalan.postman_collection.json;
virtualan.data.type = POSTMAN

2021-01-23 06:57:01,313 INFO ch.inss.idaiserver.service.TestService [http-nio-8080-exec-2] skipResponseValidation: true
2021-01-23 06:57:01,314 INFO ch.inss.idaiserver.service.TestService [http-nio-8080-exec-2] Responses will not be validated.
2021-01-23 06:57:01,315 INFO ch.inss.idaiserver.service.TestService [http-nio-8080-exec-2] Maven execution Execption raised: class jdk.internal.loader.ClassLoaders$AppClassLoader cannot be cast to class java.net.URLClassLoader (jdk.internal.loader.ClassLoaders$AppClassLoader and java.net.URLClassLoader are in module java.base of loader 'bootstrap')
2021-01-23 06:57:11,988 INFO org.springframework.boot.admin.SpringApplicationAdminMXBeanRegistrar$SpringApplicationAdmin [RMI TCP Connection(6)-127.0.0.1] Application shutdown requested.
2021-01-23 06:57:12,014 INFO org.springframework.scheduling.concurrent.ExecutorConfigurationSupport [RMI TCP Connection(6)-127.0.0.1] Shutting down ExecutorService 'applicationTaskExecutor'
2021-01-23 06:57:47,105 INFO org.springframework.boot.StartupInfoLogger [main] Starting OpenAPI2SpringBoot on tplm with PID 20741 (/media/amrit/f62417df-6c96-4797-a3d9-a06fb4352655/workspace/eclipse/API/idaithalam-server/target/classes started by amrit in /media/amrit/f62417df-6c96-4797-a3d9-a06fb4352655/workspace/eclipse/API/idaithalam-server)
2021-01-23 06:57:47,108 DEBUG org.springframework.boot.StartupInfoLogger [main] Running with Spring Boot v2.3.3.RELEASE, Spring v5.2.8.RELEASE
2021-01-23 06:57:47,108 INFO org.springframework.boot.SpringApplication [main] No active profile set, falling back to default profiles: default
2021-01-23 06:57:48,266 INFO org.springframework.boot.web.embedded.tomcat.TomcatWebServer [main] Tomcat initialized with port(s): 8080 (http)
2021-01-23 06:57:48,274 INFO org.apache.juli.logging.DirectJDKLog [main] Initializing ProtocolHandler ["http-nio-8080"]
2021-01-23 06:57:48,274 INFO org.apache.juli.logging.DirectJDKLog [main] Starting service [Tomcat]
2021-01-23 06:57:48,274 INFO org.apache.juli.logging.DirectJDKLog [main] Starting Servlet engine: [Apache Tomcat/9.0.37]
2021-01-23 06:57:48,381 INFO org.apache.juli.logging.DirectJDKLog [main] Initializing Spring embedded WebApplicationContext
2021-01-23 06:57:48,381 INFO org.springframework.boot.web.servlet.context.ServletWebServerApplicationContext [main] Root WebApplicationContext: initialization completed in 1053 ms
2021-01-23 06:57:48,690 INFO org.springframework.scheduling.concurrent.ExecutorConfigurationSupport [main] Initializing ExecutorService 'applicationTaskExecutor'
2021-01-23 06:57:48,899 INFO org.apache.juli.logging.DirectJDKLog [main] Starting ProtocolHandler ["http-nio-8080"]
2021-01-23 06:57:48,913 INFO org.springframework.boot.web.embedded.tomcat.TomcatWebServer [main] Tomcat started on port(s): 8080 (http) with context path ''
2021-01-23 06:57:48,923 INFO org.springframework.boot.StartupInfoLogger [main] Started OpenAPI2SpringBoot in 2.238 seconds (JVM running for 2.834)
2021-01-23 06:57:51,629 INFO org.apache.juli.logging.DirectJDKLog [http-nio-8080-exec-2] Initializing Spring DispatcherServlet 'dispatcherServlet'
2021-01-23 06:57:51,630 INFO org.springframework.web.servlet.FrameworkServlet [http-nio-8080-exec-2] Initializing Servlet 'dispatcherServlet'
2021-01-23 06:57:51,640 INFO org.springframework.web.servlet.FrameworkServlet [http-nio-8080-exec-2] Completed initialization in 8 ms
2021-01-23 06:57:51,691 DEBUG ch.inss.idaiserver.api.TestApiController [http-nio-8080-exec-2] Start POST /test
2021-01-23 06:57:51,692 DEBUG ch.inss.idaiserver.api.TestApiController [http-nio-8080-exec-2] Start application/octet-stream.
2021-01-23 06:57:51,692 DEBUG ch.inss.idaiserver.service.TestService [http-nio-8080-exec-2] Store reports in folder: ./reports/results_457258a7-787d-47f8-89db-1a3d036363b4
2021-01-23 06:57:51,699 DEBUG ch.inss.idaiserver.service.TestService [http-nio-8080-exec-2] Cucumblan: #Generated 2021-01-23 at 06:57:51 MEZ
service.api = http://localhost:8081
virtualan.data.load = idaithalan.postman_collection.json;
virtualan.data.type = POSTMAN

2021-01-23 06:57:51,702 INFO ch.inss.idaiserver.service.TestService [http-nio-8080-exec-2] skipResponseValidation: true
2021-01-23 06:57:51,702 INFO ch.inss.idaiserver.service.TestService [http-nio-8080-exec-2] Responses will not be validated.
2021-01-23 06:57:51,703 INFO ch.inss.idaiserver.service.TestService [http-nio-8080-exec-2] Maven execution Execption raised: class jdk.internal.loader.ClassLoaders$AppClassLoader cannot be cast to class java.net.URLClassLoader (jdk.internal.loader.ClassLoaders$AppClassLoader and java.net.URLClassLoader are in module java.base of loader 'bootstrap')
2021-01-23 06:59:39,891 INFO org.springframework.boot.admin.SpringApplicationAdminMXBeanRegistrar$SpringApplicationAdmin [RMI TCP Connection(11)-127.0.0.1] Application shutdown requested.
2021-01-23 06:59:39,920 INFO org.springframework.scheduling.concurrent.ExecutorConfigurationSupport [RMI TCP Connection(11)-127.0.0.1] Shutting down ExecutorService 'applicationTaskExecutor'
